<?xml version="1.0" encoding="UTF-8"?>
<testsuite name="SILab2Test" tests="1" skipped="0" failures="0" errors="0" timestamp="2023-05-31T11:57:30" hostname="DESKTOP-TM1S0JT" time="0.03">
  <properties/>
  <testcase name="everyStatementAndEveryBranchTest()" classname="SILab2Test" time="0.03"/>
  <system-out><![CDATA[]]></system-out>
  <system-err><![CDATA[]]></system-err>
</testsuite>
